# JRE version: OpenJDK Runtime Environment Corretto-17.0.12.7.1 (17.0.12+7) (build 17.0.12+7-LTS)
# Java VM: OpenJDK 64-Bit Server VM Corretto-17.0.12.7.1 (17.0.12+7-LTS, mixed mode, sharing, tiered, compressed oops, compressed class ptrs, g1 gc, windows-amd64)
GC Precious Log:
 CPUs: 4 total, 4 available
 Memory: 8076M
 Large Page Support: Disabled
 NUMA Support: Disabled
 Compressed Oops: Enabled (32-bit)
 Heap Region Size: 1M
 Heap Min Capacity: 256M
 Heap Initial Capacity: 256M
 Heap Max Capacity: 512M
 Pre-touch: Disabled
 Parallel Workers: 4
 Concurrent Workers: 1
 Concurrent Refinement Workers: 4
 Periodic GC: Disabled
Heap:
 garbage-first heap   total 262144K, used 161309K [0x00000000e0000000, 0x0000000100000000)
  region size 1024K, 113 young (115712K), 4 survivors (4096K)
 Metaspace       used 60909K, committed 61568K, reserved 393216K
  class space    used 8464K, committed 8768K, reserved 327680K
GC Heap History (18 events):
Event: 0.366 GC heap before
{Heap before GC invocations=0 (full 0):
 garbage-first heap   total 262144K, used 13312K [0x00000000e0000000, 0x0000000100000000)
  region size 1024K, 13 young (13312K), 0 survivors (0K)
 Metaspace       used 756K, committed 896K, reserved 393216K
  class space    used 61K, committed 128K, reserved 327680K
}
Event: 0.369 GC heap after
{Heap after GC invocations=1 (full 0):
 garbage-first heap   total 262144K, used 1248K [0x00000000e0000000, 0x0000000100000000)
  region size 1024K, 2 young (2048K), 2 survivors (2048K)
 Metaspace       used 756K, committed 896K, reserved 393216K
  class space    used 61K, committed 128K, reserved 327680K
}
Event: 1.027 GC heap before
{Heap before GC invocations=1 (full 0):
 garbage-first heap   total 262144K, used 22752K [0x00000000e0000000, 0x0000000100000000)
  region size 1024K, 21 young (21504K), 2 survivors (2048K)
 Metaspace       used 2870K, committed 3008K, reserved 393216K
  class space    used 329K, committed 384K, reserved 327680K
}
Event: 1.031 GC heap after
{Heap after GC invocations=2 (full 0):
 garbage-first heap   total 262144K, used 9625K [0x00000000e0000000, 0x0000000100000000)
  region size 1024K, 3 young (3072K), 3 survivors (3072K)
 Metaspace       used 2870K, committed 3008K, reserved 393216K
  class space    used 329K, committed 384K, reserved 327680K
}
Event: 12.059 GC heap before
{Heap before GC invocations=2 (full 0):
 garbage-first heap   total 262144K, used 165273K [0x00000000e0000000, 0x0000000100000000)
  region size 1024K, 153 young (156672K), 3 survivors (3072K)
 Metaspace       used 18508K, committed 18816K, reserved 393216K
  class space    used 2676K, committed 2816K, reserved 327680K
}
Event: 12.076 GC heap after
{Heap after GC invocations=3 (full 0):
 garbage-first heap   total 262144K, used 21859K [0x00000000e0000000, 0x0000000100000000)
  region size 1024K, 14 young (14336K), 14 survivors (14336K)
 Metaspace       used 18508K, committed 18816K, reserved 393216K
  class space    used 2676K, committed 2816K, reserved 327680K
}
Event: 13.732 GC heap before
{Heap before GC invocations=3 (full 0):
 garbage-first heap   total 262144K, used 44387K [0x00000000e0000000, 0x0000000100000000)
  region size 1024K, 37 young (37888K), 14 survivors (14336K)
 Metaspace       used 21167K, committed 21504K, reserved 393216K
  class space    used 3088K, committed 3200K, reserved 327680K
}
Event: 13.767 GC heap after
{Heap after GC invocations=4 (full 0):
 garbage-first heap   total 262144K, used 23773K [0x00000000e0000000, 0x0000000100000000)
  region size 1024K, 2 young (2048K), 2 survivors (2048K)
 Metaspace       used 21167K, committed 21504K, reserved 393216K
  class space    used 3088K, committed 3200K, reserved 327680K
}
Event: 21.109 GC heap before
{Heap before GC invocations=5 (full 0):
 garbage-first heap   total 262144K, used 142557K [0x00000000e0000000, 0x0000000100000000)
  region size 1024K, 115 young (117760K), 2 survivors (2048K)
 Metaspace       used 35584K, committed 35968K, reserved 393216K
  class space    used 4957K, committed 5120K, reserved 327680K
}
Event: 21.117 GC heap after
{Heap after GC invocations=6 (full 0):
 garbage-first heap   total 262144K, used 31589K [0x00000000e0000000, 0x0000000100000000)
  region size 1024K, 10 young (10240K), 10 survivors (10240K)
 Metaspace       used 35584K, committed 35968K, reserved 393216K
  class space    used 4957K, committed 5120K, reserved 327680K
}
Event: 28.813 GC heap before
{Heap before GC invocations=7 (full 0):
 garbage-first heap   total 262144K, used 179045K [0x00000000e0000000, 0x0000000100000000)
  region size 1024K, 153 young (156672K), 10 survivors (10240K)
 Metaspace       used 49653K, committed 50240K, reserved 393216K
  class space    used 7080K, committed 7360K, reserved 327680K
}
Event: 28.827 GC heap after
{Heap after GC invocations=8 (full 0):
 garbage-first heap   total 262144K, used 38860K [0x00000000e0000000, 0x0000000100000000)
  region size 1024K, 17 young (17408K), 17 survivors (17408K)
 Metaspace       used 49653K, committed 50240K, reserved 393216K
  class space    used 7080K, committed 7360K, reserved 327680K
}
Event: 28.835 GC heap before
{Heap before GC invocations=8 (full 0):
 garbage-first heap   total 262144K, used 39884K [0x00000000e0000000, 0x0000000100000000)
  region size 1024K, 18 young (18432K), 17 survivors (17408K)
 Metaspace       used 49655K, committed 50240K, reserved 393216K
  class space    used 7080K, committed 7360K, reserved 327680K
}
Event: 28.847 GC heap after
{Heap after GC invocations=9 (full 0):
 garbage-first heap   total 262144K, used 40102K [0x00000000e0000000, 0x0000000100000000)
  region size 1024K, 2 young (2048K), 2 survivors (2048K)
 Metaspace       used 49655K, committed 50240K, reserved 393216K
  class space    used 7080K, committed 7360K, reserved 327680K
}
Event: 37.774 GC heap before
{Heap before GC invocations=9 (full 0):
 garbage-first heap   total 262144K, used 194726K [0x00000000e0000000, 0x0000000100000000)
  region size 1024K, 153 young (156672K), 2 survivors (2048K)
 Metaspace       used 54826K, committed 55488K, reserved 393216K
  class space    used 7628K, committed 7936K, reserved 327680K
}
Event: 37.789 GC heap after
{Heap after GC invocations=10 (full 0):
 garbage-first heap   total 262144K, used 50522K [0x00000000e0000000, 0x0000000100000000)
  region size 1024K, 13 young (13312K), 13 survivors (13312K)
 Metaspace       used 54826K, committed 55488K, reserved 393216K
  class space    used 7628K, committed 7936K, reserved 327680K
}
Event: 60.267 GC heap before
{Heap before GC invocations=10 (full 0):
 garbage-first heap   total 262144K, used 127322K [0x00000000e0000000, 0x0000000100000000)
  region size 1024K, 90 young (92160K), 13 survivors (13312K)
 Metaspace       used 59473K, committed 60096K, reserved 393216K
  class space    used 8323K, committed 8640K, reserved 327680K
}
Event: 60.278 GC heap after
{Heap after GC invocations=11 (full 0):
 garbage-first heap   total 262144K, used 50717K [0x00000000e0000000, 0x0000000100000000)
  region size 1024K, 4 young (4096K), 4 survivors (4096K)
 Metaspace       used 59473K, committed 60096K, reserved 393216K
  class space    used 8323K, committed 8640K, reserved 327680K
}

