# JRE version: OpenJDK Runtime Environment Corretto-21.0.4.7.1 (21.0.4+7) (build 21.0.4+7-LTS)
# Java VM: OpenJDK 64-Bit Server VM Corretto-21.0.4.7.1 (21.0.4+7-LTS, mixed mode, sharing, tiered, compressed oops, compressed class ptrs, g1 gc, windows-amd64)
GC Precious Log:
 CardTable entry size: 512
 Card Set container configuration: InlinePtr #cards 5 size 8 Array Of Cards #cards 12 size 40 Howl #buckets 4 coarsen threshold 1843 Howl Bitmap #cards 512 size 80 coarsen threshold 460 Card regions per heap region 1 cards per card region 2048
 CPUs: 4 total, 4 available
 Memory: 8076M
 Large Page Support: Disabled
 NUMA Support: Disabled
 Compressed Oops: Enabled (32-bit)
 Heap Region Size: 1M
 Heap Min Capacity: 256M
 Heap Initial Capacity: 256M
 Heap Max Capacity: 512M
 Pre-touch: Disabled
 Parallel Workers: 4
 Concurrent Workers: 1
 Concurrent Refinement Workers: 4
 Periodic GC: Disabled
Heap:
 garbage-first heap   total 262144K, used 120996K [0x00000000e0000000, 0x0000000100000000)
  region size 1024K, 96 young (98304K), 16 survivors (16384K)
 Metaspace       used 55367K, committed 57216K, reserved 393216K
  class space    used 8061K, committed 8960K, reserved 327680K
GC Heap History (16 events):
Event: 0.853 GC heap before
{Heap before GC invocations=0 (full 0):
 garbage-first heap   total 262144K, used 12288K [0x00000000e0000000, 0x0000000100000000)
  region size 1024K, 13 young (13312K), 0 survivors (0K)
 Metaspace       used 823K, committed 960K, reserved 393216K
  class space    used 67K, committed 128K, reserved 327680K
}
Event: 0.863 GC heap after
{Heap after GC invocations=1 (full 0):
 garbage-first heap   total 262144K, used 1280K [0x00000000e0000000, 0x0000000100000000)
  region size 1024K, 2 young (2048K), 2 survivors (2048K)
 Metaspace       used 823K, committed 960K, reserved 393216K
  class space    used 67K, committed 128K, reserved 327680K
}
Event: 1.816 GC heap before
{Heap before GC invocations=1 (full 0):
 garbage-first heap   total 262144K, used 28928K [0x00000000e0000000, 0x0000000100000000)
  region size 1024K, 27 young (27648K), 2 survivors (2048K)
 Metaspace       used 3578K, committed 3712K, reserved 393216K
  class space    used 448K, committed 512K, reserved 327680K
}
Event: 1.820 GC heap after
{Heap after GC invocations=2 (full 0):
 garbage-first heap   total 262144K, used 10256K [0x00000000e0000000, 0x0000000100000000)
  region size 1024K, 4 young (4096K), 4 survivors (4096K)
 Metaspace       used 3578K, committed 3712K, reserved 393216K
  class space    used 448K, committed 512K, reserved 327680K
}
Event: 6.936 GC heap before
{Heap before GC invocations=2 (full 0):
 garbage-first heap   total 262144K, used 163856K [0x00000000e0000000, 0x0000000100000000)
  region size 1024K, 153 young (156672K), 4 survivors (4096K)
 Metaspace       used 20831K, committed 21504K, reserved 393216K
  class space    used 3014K, committed 3328K, reserved 327680K
}
Event: 6.952 GC heap after
{Heap after GC invocations=3 (full 0):
 garbage-first heap   total 262144K, used 24524K [0x00000000e0000000, 0x0000000100000000)
  region size 1024K, 17 young (17408K), 17 survivors (17408K)
 Metaspace       used 20831K, committed 21504K, reserved 393216K
  class space    used 3014K, committed 3328K, reserved 327680K
}
Event: 6.961 GC heap before
{Heap before GC invocations=3 (full 0):
 garbage-first heap   total 262144K, used 25548K [0x00000000e0000000, 0x0000000100000000)
  region size 1024K, 19 young (19456K), 17 survivors (17408K)
 Metaspace       used 20889K, committed 21504K, reserved 393216K
  class space    used 3025K, committed 3328K, reserved 327680K
}
Event: 6.976 GC heap after
{Heap after GC invocations=4 (full 0):
 garbage-first heap   total 262144K, used 25987K [0x00000000e0000000, 0x0000000100000000)
  region size 1024K, 2 young (2048K), 2 survivors (2048K)
 Metaspace       used 20889K, committed 21504K, reserved 393216K
  class space    used 3025K, committed 3328K, reserved 327680K
}
Event: 10.483 GC heap before
{Heap before GC invocations=5 (full 0):
 garbage-first heap   total 262144K, used 117123K [0x00000000e0000000, 0x0000000100000000)
  region size 1024K, 92 young (94208K), 2 survivors (2048K)
 Metaspace       used 34637K, committed 35968K, reserved 393216K
  class space    used 5070K, committed 5760K, reserved 327680K
}
Event: 10.490 GC heap after
{Heap after GC invocations=6 (full 0):
 garbage-first heap   total 262144K, used 30345K [0x00000000e0000000, 0x0000000100000000)
  region size 1024K, 7 young (7168K), 7 survivors (7168K)
 Metaspace       used 34637K, committed 35968K, reserved 393216K
  class space    used 5070K, committed 5760K, reserved 327680K
}
Event: 10.565 GC heap before
{Heap before GC invocations=6 (full 0):
 garbage-first heap   total 262144K, used 33417K [0x00000000e0000000, 0x0000000100000000)
  region size 1024K, 11 young (11264K), 7 survivors (7168K)
 Metaspace       used 35013K, committed 36288K, reserved 393216K
  class space    used 5122K, committed 5760K, reserved 327680K
}
Event: 10.573 GC heap after
{Heap after GC invocations=7 (full 0):
 garbage-first heap   total 262144K, used 30416K [0x00000000e0000000, 0x0000000100000000)
  region size 1024K, 7 young (7168K), 7 survivors (7168K)
 Metaspace       used 35013K, committed 36288K, reserved 393216K
  class space    used 5122K, committed 5760K, reserved 327680K
}
Event: 10.631 GC heap before
{Heap before GC invocations=7 (full 0):
 garbage-first heap   total 262144K, used 31440K [0x00000000e0000000, 0x0000000100000000)
  region size 1024K, 9 young (9216K), 7 survivors (7168K)
 Metaspace       used 35345K, committed 36608K, reserved 393216K
  class space    used 5177K, committed 5824K, reserved 327680K
}
Event: 10.639 GC heap after
{Heap after GC invocations=8 (full 0):
 garbage-first heap   total 262144K, used 30923K [0x00000000e0000000, 0x0000000100000000)
  region size 1024K, 7 young (7168K), 7 survivors (7168K)
 Metaspace       used 35345K, committed 36608K, reserved 393216K
  class space    used 5177K, committed 5824K, reserved 327680K
}
Event: 13.489 GC heap before
{Heap before GC invocations=9 (full 0):
 garbage-first heap   total 262144K, used 186571K [0x00000000e0000000, 0x0000000100000000)
  region size 1024K, 153 young (156672K), 7 survivors (7168K)
 Metaspace       used 49971K, committed 51584K, reserved 393216K
  class space    used 7165K, committed 7936K, reserved 327680K
}
Event: 13.504 GC heap after
{Heap after GC invocations=10 (full 0):
 garbage-first heap   total 262144K, used 40100K [0x00000000e0000000, 0x0000000100000000)
  region size 1024K, 16 young (16384K), 16 survivors (16384K)
 Metaspace       used 49971K, committed 51584K, reserved 393216K
  class space    used 7165K, committed 7936K, reserved 327680K
}

