# JRE version: OpenJDK Runtime Environment Corretto-21.0.4.7.1 (21.0.4+7) (build 21.0.4+7-LTS)
# Java VM: OpenJDK 64-Bit Server VM Corretto-21.0.4.7.1 (21.0.4+7-LTS, mixed mode, sharing, tiered, compressed oops, compressed class ptrs, g1 gc, windows-amd64)
GC Precious Log:
 CardTable entry size: 512
 Card Set container configuration: InlinePtr #cards 5 size 8 Array Of Cards #cards 12 size 40 Howl #buckets 4 coarsen threshold 1843 Howl Bitmap #cards 512 size 80 coarsen threshold 460 Card regions per heap region 1 cards per card region 2048
 CPUs: 4 total, 4 available
 Memory: 8076M
 Large Page Support: Disabled
 NUMA Support: Disabled
 Compressed Oops: Enabled (32-bit)
 Heap Region Size: 1M
 Heap Min Capacity: 256M
 Heap Initial Capacity: 256M
 Heap Max Capacity: 512M
 Pre-touch: Disabled
 Parallel Workers: 4
 Concurrent Workers: 1
 Concurrent Refinement Workers: 4
 Periodic GC: Disabled
Heap:
 garbage-first heap   total 262144K, used 179299K [0x00000000e0000000, 0x0000000100000000)
  region size 1024K, 107 young (109568K), 20 survivors (20480K)
 Metaspace       used 90607K, committed 92672K, reserved 458752K
  class space    used 11487K, committed 12544K, reserved 327680K
GC Heap History (20 events):
Event: 15121.353 GC heap before
{Heap before GC invocations=256 (full 1):
 garbage-first heap   total 262144K, used 226061K [0x00000000e0000000, 0x0000000100000000)
  region size 1024K, 153 young (156672K), 10 survivors (10240K)
 Metaspace       used 88448K, committed 91456K, reserved 458752K
  class space    used 11240K, committed 12416K, reserved 327680K
}
Event: 15121.705 GC heap after
{Heap after GC invocations=257 (full 1):
 garbage-first heap   total 262144K, used 79820K [0x00000000e0000000, 0x0000000100000000)
  region size 1024K, 11 young (11264K), 11 survivors (11264K)
 Metaspace       used 88448K, committed 91456K, reserved 458752K
  class space    used 11240K, committed 12416K, reserved 327680K
}
Event: 15152.526 GC heap before
{Heap before GC invocations=257 (full 1):
 garbage-first heap   total 262144K, used 225228K [0x00000000e0000000, 0x0000000100000000)
  region size 1024K, 153 young (156672K), 11 survivors (11264K)
 Metaspace       used 88454K, committed 91456K, reserved 458752K
  class space    used 11240K, committed 12416K, reserved 327680K
}
Event: 15152.539 GC heap after
{Heap after GC invocations=258 (full 1):
 garbage-first heap   total 262144K, used 72035K [0x00000000e0000000, 0x0000000100000000)
  region size 1024K, 3 young (3072K), 3 survivors (3072K)
 Metaspace       used 88454K, committed 91456K, reserved 458752K
  class space    used 11240K, committed 12416K, reserved 327680K
}
Event: 15562.782 GC heap before
{Heap before GC invocations=259 (full 1):
 garbage-first heap   total 262144K, used 224611K [0x00000000e0000000, 0x0000000100000000)
  region size 1024K, 153 young (156672K), 3 survivors (3072K)
 Metaspace       used 88301K, committed 90880K, reserved 458752K
  class space    used 11204K, committed 12224K, reserved 327680K
}
Event: 15562.809 GC heap after
{Heap after GC invocations=260 (full 1):
 garbage-first heap   total 262144K, used 73305K [0x00000000e0000000, 0x0000000100000000)
  region size 1024K, 5 young (5120K), 5 survivors (5120K)
 Metaspace       used 88301K, committed 90880K, reserved 458752K
  class space    used 11204K, committed 12224K, reserved 327680K
}
Event: 15606.573 GC heap before
{Heap before GC invocations=260 (full 1):
 garbage-first heap   total 262144K, used 223833K [0x00000000e0000000, 0x0000000100000000)
  region size 1024K, 153 young (156672K), 5 survivors (5120K)
 Metaspace       used 88302K, committed 90880K, reserved 458752K
  class space    used 11204K, committed 12224K, reserved 327680K
}
Event: 15606.600 GC heap after
{Heap after GC invocations=261 (full 1):
 garbage-first heap   total 262144K, used 75694K [0x00000000e0000000, 0x0000000100000000)
  region size 1024K, 8 young (8192K), 8 survivors (8192K)
 Metaspace       used 88302K, committed 90880K, reserved 458752K
  class space    used 11204K, committed 12224K, reserved 327680K
}
Event: 15621.258 GC heap before
{Heap before GC invocations=261 (full 1):
 garbage-first heap   total 262144K, used 224174K [0x00000000e0000000, 0x0000000100000000)
  region size 1024K, 153 young (156672K), 8 survivors (8192K)
 Metaspace       used 88302K, committed 90880K, reserved 458752K
  class space    used 11204K, committed 12224K, reserved 327680K
}
Event: 15621.272 GC heap after
{Heap after GC invocations=262 (full 1):
 garbage-first heap   total 262144K, used 79085K [0x00000000e0000000, 0x0000000100000000)
  region size 1024K, 11 young (11264K), 11 survivors (11264K)
 Metaspace       used 88302K, committed 90880K, reserved 458752K
  class space    used 11204K, committed 12224K, reserved 327680K
}
Event: 15803.597 GC heap before
{Heap before GC invocations=263 (full 1):
 garbage-first heap   total 262144K, used 223469K [0x00000000e0000000, 0x0000000100000000)
  region size 1024K, 153 young (156672K), 11 survivors (11264K)
 Metaspace       used 88308K, committed 90944K, reserved 458752K
  class space    used 11205K, committed 12224K, reserved 327680K
}
Event: 15803.605 GC heap after
{Heap after GC invocations=264 (full 1):
 garbage-first heap   total 262144K, used 69805K [0x00000000e0000000, 0x0000000100000000)
  region size 1024K, 2 young (2048K), 2 survivors (2048K)
 Metaspace       used 88308K, committed 90944K, reserved 458752K
  class space    used 11205K, committed 12224K, reserved 327680K
}
Event: 15848.065 GC heap before
{Heap before GC invocations=264 (full 1):
 garbage-first heap   total 262144K, used 223405K [0x00000000e0000000, 0x0000000100000000)
  region size 1024K, 153 young (156672K), 2 survivors (2048K)
 Metaspace       used 88334K, committed 90944K, reserved 458752K
  class space    used 11209K, committed 12224K, reserved 327680K
}
Event: 15848.118 GC heap after
{Heap after GC invocations=265 (full 1):
 garbage-first heap   total 262144K, used 71892K [0x00000000e0000000, 0x0000000100000000)
  region size 1024K, 4 young (4096K), 4 survivors (4096K)
 Metaspace       used 88334K, committed 90944K, reserved 458752K
  class space    used 11209K, committed 12224K, reserved 327680K
}
Event: 15849.193 GC heap before
{Heap before GC invocations=265 (full 1):
 garbage-first heap   total 262144K, used 169172K [0x00000000e0000000, 0x0000000100000000)
  region size 1024K, 101 young (103424K), 4 survivors (4096K)
 Metaspace       used 88344K, committed 90944K, reserved 458752K
  class space    used 11210K, committed 12224K, reserved 327680K
}
Event: 15849.206 GC heap after
{Heap after GC invocations=266 (full 1):
 garbage-first heap   total 262144K, used 78360K [0x00000000e0000000, 0x0000000100000000)
  region size 1024K, 11 young (11264K), 11 survivors (11264K)
 Metaspace       used 88344K, committed 90944K, reserved 458752K
  class space    used 11210K, committed 12224K, reserved 327680K
}
Event: 15870.050 GC heap before
{Heap before GC invocations=267 (full 1):
 garbage-first heap   total 262144K, used 224792K [0x00000000e0000000, 0x0000000100000000)
  region size 1024K, 153 young (156672K), 11 survivors (11264K)
 Metaspace       used 88717K, committed 90944K, reserved 458752K
  class space    used 11250K, committed 12224K, reserved 327680K
}
Event: 15870.171 GC heap after
{Heap after GC invocations=268 (full 1):
 garbage-first heap   total 262144K, used 79811K [0x00000000e0000000, 0x0000000100000000)
  region size 1024K, 11 young (11264K), 11 survivors (11264K)
 Metaspace       used 88717K, committed 90944K, reserved 458752K
  class space    used 11250K, committed 12224K, reserved 327680K
}
Event: 15873.457 GC heap before
{Heap before GC invocations=268 (full 1):
 garbage-first heap   total 262144K, used 226243K [0x00000000e0000000, 0x0000000100000000)
  region size 1024K, 153 young (156672K), 11 survivors (11264K)
 Metaspace       used 88825K, committed 90944K, reserved 458752K
  class space    used 11256K, committed 12224K, reserved 327680K
}
Event: 15873.706 GC heap after
{Heap after GC invocations=269 (full 1):
 garbage-first heap   total 262144K, used 92259K [0x00000000e0000000, 0x0000000100000000)
  region size 1024K, 20 young (20480K), 20 survivors (20480K)
 Metaspace       used 88825K, committed 90944K, reserved 458752K
  class space    used 11256K, committed 12224K, reserved 327680K
}

