# JRE version: OpenJDK Runtime Environment Corretto-17.0.12.7.1 (17.0.12+7) (build 17.0.12+7-LTS)
# Java VM: OpenJDK 64-Bit Server VM Corretto-17.0.12.7.1 (17.0.12+7-LTS, mixed mode, sharing, tiered, compressed oops, compressed class ptrs, g1 gc, windows-amd64)
GC Precious Log:
 CPUs: 4 total, 4 available
 Memory: 8076M
 Large Page Support: Disabled
 NUMA Support: Disabled
 Compressed Oops: Enabled (32-bit)
 Heap Region Size: 1M
 Heap Min Capacity: 256M
 Heap Initial Capacity: 256M
 Heap Max Capacity: 512M
 Pre-touch: Disabled
 Parallel Workers: 4
 Concurrent Workers: 1
 Concurrent Refinement Workers: 4
 Periodic GC: Disabled
Heap:
 garbage-first heap   total 262144K, used 190047K [0x00000000e0000000, 0x0000000100000000)
  region size 1024K, 150 young (153600K), 2 survivors (2048K)
 Metaspace       used 54939K, committed 55488K, reserved 393216K
  class space    used 7629K, committed 7872K, reserved 327680K
GC Heap History (14 events):
Event: 0.649 GC heap before
{Heap before GC invocations=0 (full 0):
 garbage-first heap   total 262144K, used 13312K [0x00000000e0000000, 0x0000000100000000)
  region size 1024K, 13 young (13312K), 0 survivors (0K)
 Metaspace       used 760K, committed 896K, reserved 393216K
  class space    used 61K, committed 128K, reserved 327680K
}
Event: 0.651 GC heap after
{Heap after GC invocations=1 (full 0):
 garbage-first heap   total 262144K, used 1312K [0x00000000e0000000, 0x0000000100000000)
  region size 1024K, 2 young (2048K), 2 survivors (2048K)
 Metaspace       used 760K, committed 896K, reserved 393216K
  class space    used 61K, committed 128K, reserved 327680K
}
Event: 1.149 GC heap before
{Heap before GC invocations=1 (full 0):
 garbage-first heap   total 262144K, used 23840K [0x00000000e0000000, 0x0000000100000000)
  region size 1024K, 21 young (21504K), 2 survivors (2048K)
 Metaspace       used 2789K, committed 2944K, reserved 393216K
  class space    used 321K, committed 384K, reserved 327680K
}
Event: 1.153 GC heap after
{Heap after GC invocations=2 (full 0):
 garbage-first heap   total 262144K, used 9514K [0x00000000e0000000, 0x0000000100000000)
  region size 1024K, 3 young (3072K), 3 survivors (3072K)
 Metaspace       used 2789K, committed 2944K, reserved 393216K
  class space    used 321K, committed 384K, reserved 327680K
}
Event: 6.935 GC heap before
{Heap before GC invocations=2 (full 0):
 garbage-first heap   total 262144K, used 165162K [0x00000000e0000000, 0x0000000100000000)
  region size 1024K, 153 young (156672K), 3 survivors (3072K)
 Metaspace       used 18490K, committed 18752K, reserved 393216K
  class space    used 2678K, committed 2816K, reserved 327680K
}
Event: 6.947 GC heap after
{Heap after GC invocations=3 (full 0):
 garbage-first heap   total 262144K, used 22237K [0x00000000e0000000, 0x0000000100000000)
  region size 1024K, 15 young (15360K), 15 survivors (15360K)
 Metaspace       used 18490K, committed 18752K, reserved 393216K
  class space    used 2678K, committed 2816K, reserved 327680K
}
Event: 7.775 GC heap before
{Heap before GC invocations=3 (full 0):
 garbage-first heap   total 262144K, used 45789K [0x00000000e0000000, 0x0000000100000000)
  region size 1024K, 40 young (40960K), 15 survivors (15360K)
 Metaspace       used 21195K, committed 21504K, reserved 393216K
  class space    used 3104K, committed 3264K, reserved 327680K
}
Event: 7.786 GC heap after
{Heap after GC invocations=4 (full 0):
 garbage-first heap   total 262144K, used 24094K [0x00000000e0000000, 0x0000000100000000)
  region size 1024K, 3 young (3072K), 3 survivors (3072K)
 Metaspace       used 21195K, committed 21504K, reserved 393216K
  class space    used 3104K, committed 3264K, reserved 327680K
}
Event: 12.065 GC heap before
{Heap before GC invocations=5 (full 0):
 garbage-first heap   total 262144K, used 144926K [0x00000000e0000000, 0x0000000100000000)
  region size 1024K, 118 young (120832K), 3 survivors (3072K)
 Metaspace       used 35711K, committed 36096K, reserved 393216K
  class space    used 4971K, committed 5120K, reserved 327680K
}
Event: 12.075 GC heap after
{Heap after GC invocations=6 (full 0):
 garbage-first heap   total 262144K, used 31670K [0x00000000e0000000, 0x0000000100000000)
  region size 1024K, 10 young (10240K), 10 survivors (10240K)
 Metaspace       used 35711K, committed 36096K, reserved 393216K
  class space    used 4971K, committed 5120K, reserved 327680K
}
Event: 20.983 GC heap before
{Heap before GC invocations=7 (full 0):
 garbage-first heap   total 262144K, used 180150K [0x00000000e0000000, 0x0000000100000000)
  region size 1024K, 153 young (156672K), 10 survivors (10240K)
 Metaspace       used 49701K, committed 50240K, reserved 393216K
  class space    used 7085K, committed 7360K, reserved 327680K
}
Event: 21.001 GC heap after
{Heap after GC invocations=8 (full 0):
 garbage-first heap   total 262144K, used 38026K [0x00000000e0000000, 0x0000000100000000)
  region size 1024K, 16 young (16384K), 16 survivors (16384K)
 Metaspace       used 49701K, committed 50240K, reserved 393216K
  class space    used 7085K, committed 7360K, reserved 327680K
}
Event: 21.294 GC heap before
{Heap before GC invocations=8 (full 0):
 garbage-first heap   total 262144K, used 39050K [0x00000000e0000000, 0x0000000100000000)
  region size 1024K, 17 young (17408K), 16 survivors (16384K)
 Metaspace       used 49722K, committed 50304K, reserved 393216K
  class space    used 7087K, committed 7360K, reserved 327680K
}
Event: 21.308 GC heap after
{Heap after GC invocations=9 (full 0):
 garbage-first heap   total 262144K, used 39519K [0x00000000e0000000, 0x0000000100000000)
  region size 1024K, 2 young (2048K), 2 survivors (2048K)
 Metaspace       used 49722K, committed 50304K, reserved 393216K
  class space    used 7087K, committed 7360K, reserved 327680K
}

