# JRE version: OpenJDK Runtime Environment Corretto-21.0.4.7.1 (21.0.4+7) (build 21.0.4+7-LTS)
# Java VM: OpenJDK 64-Bit Server VM Corretto-21.0.4.7.1 (21.0.4+7-LTS, mixed mode, sharing, tiered, compressed oops, compressed class ptrs, g1 gc, windows-amd64)
GC Precious Log:
 CardTable entry size: 512
 Card Set container configuration: InlinePtr #cards 5 size 8 Array Of Cards #cards 12 size 40 Howl #buckets 4 coarsen threshold 1843 Howl Bitmap #cards 512 size 80 coarsen threshold 460 Card regions per heap region 1 cards per card region 2048
 CPUs: 4 total, 4 available
 Memory: 8076M
 Large Page Support: Disabled
 NUMA Support: Disabled
 Compressed Oops: Enabled (32-bit)
 Heap Region Size: 1M
 Heap Min Capacity: 256M
 Heap Initial Capacity: 256M
 Heap Max Capacity: 512M
 Pre-touch: Disabled
 Parallel Workers: 4
 Concurrent Workers: 1
 Concurrent Refinement Workers: 4
 Periodic GC: Disabled
Heap:
 garbage-first heap   total 262144K, used 142296K [0x00000000e0000000, 0x0000000100000000)
  region size 1024K, 117 young (119808K), 16 survivors (16384K)
 Metaspace       used 57133K, committed 59072K, reserved 393216K
  class space    used 8247K, committed 9216K, reserved 327680K
GC Heap History (12 events):
Event: 0.434 GC heap before
{Heap before GC invocations=0 (full 0):
 garbage-first heap   total 262144K, used 12288K [0x00000000e0000000, 0x0000000100000000)
  region size 1024K, 13 young (13312K), 0 survivors (0K)
 Metaspace       used 820K, committed 960K, reserved 393216K
  class space    used 67K, committed 128K, reserved 327680K
}
Event: 0.436 GC heap after
{Heap after GC invocations=1 (full 0):
 garbage-first heap   total 262144K, used 1280K [0x00000000e0000000, 0x0000000100000000)
  region size 1024K, 2 young (2048K), 2 survivors (2048K)
 Metaspace       used 820K, committed 960K, reserved 393216K
  class space    used 67K, committed 128K, reserved 327680K
}
Event: 3.384 GC heap before
{Heap before GC invocations=1 (full 0):
 garbage-first heap   total 262144K, used 28928K [0x00000000e0000000, 0x0000000100000000)
  region size 1024K, 27 young (27648K), 2 survivors (2048K)
 Metaspace       used 3597K, committed 3712K, reserved 393216K
  class space    used 446K, committed 512K, reserved 327680K
}
Event: 3.389 GC heap after
{Heap after GC invocations=2 (full 0):
 garbage-first heap   total 262144K, used 10070K [0x00000000e0000000, 0x0000000100000000)
  region size 1024K, 4 young (4096K), 4 survivors (4096K)
 Metaspace       used 3597K, committed 3712K, reserved 393216K
  class space    used 446K, committed 512K, reserved 327680K
}
Event: 13.291 GC heap before
{Heap before GC invocations=2 (full 0):
 garbage-first heap   total 262144K, used 163670K [0x00000000e0000000, 0x0000000100000000)
  region size 1024K, 153 young (156672K), 4 survivors (4096K)
 Metaspace       used 20695K, committed 21248K, reserved 393216K
  class space    used 2987K, committed 3264K, reserved 327680K
}
Event: 13.304 GC heap after
{Heap after GC invocations=3 (full 0):
 garbage-first heap   total 262144K, used 23382K [0x00000000e0000000, 0x0000000100000000)
  region size 1024K, 16 young (16384K), 16 survivors (16384K)
 Metaspace       used 20695K, committed 21248K, reserved 393216K
  class space    used 2987K, committed 3264K, reserved 327680K
}
Event: 13.330 GC heap before
{Heap before GC invocations=3 (full 0):
 garbage-first heap   total 262144K, used 25430K [0x00000000e0000000, 0x0000000100000000)
  region size 1024K, 19 young (19456K), 16 survivors (16384K)
 Metaspace       used 20844K, committed 21504K, reserved 393216K
  class space    used 3012K, committed 3328K, reserved 327680K
}
Event: 13.343 GC heap after
{Heap after GC invocations=4 (full 0):
 garbage-first heap   total 262144K, used 25088K [0x00000000e0000000, 0x0000000100000000)
  region size 1024K, 2 young (2048K), 2 survivors (2048K)
 Metaspace       used 20844K, committed 21504K, reserved 393216K
  class space    used 3012K, committed 3328K, reserved 327680K
}
Event: 16.617 GC heap before
{Heap before GC invocations=5 (full 0):
 garbage-first heap   total 262144K, used 118272K [0x00000000e0000000, 0x0000000100000000)
  region size 1024K, 94 young (96256K), 2 survivors (2048K)
 Metaspace       used 34751K, committed 35968K, reserved 393216K
  class space    used 5082K, committed 5696K, reserved 327680K
}
Event: 16.624 GC heap after
{Heap after GC invocations=6 (full 0):
 garbage-first heap   total 262144K, used 30499K [0x00000000e0000000, 0x0000000100000000)
  region size 1024K, 7 young (7168K), 7 survivors (7168K)
 Metaspace       used 34751K, committed 35968K, reserved 393216K
  class space    used 5082K, committed 5696K, reserved 327680K
}
Event: 24.341 GC heap before
{Heap before GC invocations=7 (full 0):
 garbage-first heap   total 262144K, used 186147K [0x00000000e0000000, 0x0000000100000000)
  region size 1024K, 153 young (156672K), 7 survivors (7168K)
 Metaspace       used 49694K, committed 51392K, reserved 393216K
  class space    used 7093K, committed 7936K, reserved 327680K
}
Event: 24.355 GC heap after
{Heap after GC invocations=8 (full 0):
 garbage-first heap   total 262144K, used 39896K [0x00000000e0000000, 0x0000000100000000)
  region size 1024K, 16 young (16384K), 16 survivors (16384K)
 Metaspace       used 49694K, committed 51392K, reserved 393216K
  class space    used 7093K, committed 7936K, reserved 327680K
}

