# JRE version: OpenJDK Runtime Environment Corretto-21.0.4.7.1 (21.0.4+7) (build 21.0.4+7-LTS)
# Java VM: OpenJDK 64-Bit Server VM Corretto-21.0.4.7.1 (21.0.4+7-LTS, mixed mode, sharing, tiered, compressed oops, compressed class ptrs, g1 gc, windows-amd64)
GC Precious Log:
 CardTable entry size: 512
 Card Set container configuration: InlinePtr #cards 5 size 8 Array Of Cards #cards 12 size 40 Howl #buckets 4 coarsen threshold 1843 Howl Bitmap #cards 512 size 80 coarsen threshold 460 Card regions per heap region 1 cards per card region 2048
 CPUs: 4 total, 4 available
 Memory: 8076M
 Large Page Support: Disabled
 NUMA Support: Disabled
 Compressed Oops: Enabled (32-bit)
 Heap Region Size: 1M
 Heap Min Capacity: 256M
 Heap Initial Capacity: 256M
 Heap Max Capacity: 512M
 Pre-touch: Disabled
 Parallel Workers: 4
 Concurrent Workers: 1
 Concurrent Refinement Workers: 4
 Periodic GC: Disabled
Heap:
 garbage-first heap   total 262144K, used 98152K [0x00000000e0000000, 0x0000000100000000)
  region size 1024K, 28 young (28672K), 20 survivors (20480K)
 Metaspace       used 82733K, committed 84736K, reserved 458752K
  class space    used 10461K, committed 11648K, reserved 327680K
GC Heap History (20 events):
Event: 10168.779 GC heap before
{Heap before GC invocations=228 (full 0):
 garbage-first heap   total 262144K, used 214733K [0x00000000e0000000, 0x0000000100000000)
  region size 1024K, 153 young (156672K), 5 survivors (5120K)
 Metaspace       used 81338K, committed 83520K, reserved 458752K
  class space    used 10353K, committed 11648K, reserved 327680K
}
Event: 10168.787 GC heap after
{Heap after GC invocations=229 (full 0):
 garbage-first heap   total 262144K, used 67882K [0x00000000e0000000, 0x0000000100000000)
  region size 1024K, 9 young (9216K), 9 survivors (9216K)
 Metaspace       used 81338K, committed 83520K, reserved 458752K
  class space    used 10353K, committed 11648K, reserved 327680K
}
Event: 10171.228 GC heap before
{Heap before GC invocations=229 (full 0):
 garbage-first heap   total 262144K, used 215338K [0x00000000e0000000, 0x0000000100000000)
  region size 1024K, 153 young (156672K), 9 survivors (9216K)
 Metaspace       used 81338K, committed 83520K, reserved 458752K
  class space    used 10353K, committed 11648K, reserved 327680K
}
Event: 10171.237 GC heap after
{Heap after GC invocations=230 (full 0):
 garbage-first heap   total 262144K, used 71047K [0x00000000e0000000, 0x0000000100000000)
  region size 1024K, 12 young (12288K), 12 survivors (12288K)
 Metaspace       used 81338K, committed 83520K, reserved 458752K
  class space    used 10353K, committed 11648K, reserved 327680K
}
Event: 10309.106 GC heap before
{Heap before GC invocations=231 (full 0):
 garbage-first heap   total 262144K, used 214407K [0x00000000e0000000, 0x0000000100000000)
  region size 1024K, 153 young (156672K), 12 survivors (12288K)
 Metaspace       used 81340K, committed 83520K, reserved 458752K
  class space    used 10353K, committed 11648K, reserved 327680K
}
Event: 10309.113 GC heap after
{Heap after GC invocations=232 (full 0):
 garbage-first heap   total 262144K, used 61373K [0x00000000e0000000, 0x0000000100000000)
  region size 1024K, 2 young (2048K), 2 survivors (2048K)
 Metaspace       used 81340K, committed 83520K, reserved 458752K
  class space    used 10353K, committed 11648K, reserved 327680K
}
Event: 10354.752 GC heap before
{Heap before GC invocations=232 (full 0):
 garbage-first heap   total 262144K, used 215997K [0x00000000e0000000, 0x0000000100000000)
  region size 1024K, 153 young (156672K), 2 survivors (2048K)
 Metaspace       used 81341K, committed 83520K, reserved 458752K
  class space    used 10353K, committed 11648K, reserved 327680K
}
Event: 10354.757 GC heap after
{Heap after GC invocations=233 (full 0):
 garbage-first heap   total 262144K, used 63651K [0x00000000e0000000, 0x0000000100000000)
  region size 1024K, 5 young (5120K), 5 survivors (5120K)
 Metaspace       used 81341K, committed 83520K, reserved 458752K
  class space    used 10353K, committed 11648K, reserved 327680K
}
Event: 10375.031 GC heap before
{Heap before GC invocations=234 (full 0):
 garbage-first heap   total 262144K, used 215203K [0x00000000e0000000, 0x0000000100000000)
  region size 1024K, 153 young (156672K), 5 survivors (5120K)
 Metaspace       used 81341K, committed 83520K, reserved 458752K
  class space    used 10353K, committed 11648K, reserved 327680K
}
Event: 10375.039 GC heap after
{Heap after GC invocations=235 (full 0):
 garbage-first heap   total 262144K, used 66948K [0x00000000e0000000, 0x0000000100000000)
  region size 1024K, 8 young (8192K), 8 survivors (8192K)
 Metaspace       used 81341K, committed 83520K, reserved 458752K
  class space    used 10353K, committed 11648K, reserved 327680K
}
Event: 10385.731 GC heap before
{Heap before GC invocations=235 (full 0):
 garbage-first heap   total 262144K, used 215428K [0x00000000e0000000, 0x0000000100000000)
  region size 1024K, 153 young (156672K), 8 survivors (8192K)
 Metaspace       used 81348K, committed 83584K, reserved 458752K
  class space    used 10354K, committed 11648K, reserved 327680K
}
Event: 10385.748 GC heap after
{Heap after GC invocations=236 (full 0):
 garbage-first heap   total 262144K, used 70108K [0x00000000e0000000, 0x0000000100000000)
  region size 1024K, 11 young (11264K), 11 survivors (11264K)
 Metaspace       used 81348K, committed 83584K, reserved 458752K
  class space    used 10354K, committed 11648K, reserved 327680K
}
Event: 10652.514 GC heap before
{Heap before GC invocations=236 (full 0):
 garbage-first heap   total 262144K, used 215516K [0x00000000e0000000, 0x0000000100000000)
  region size 1024K, 153 young (156672K), 11 survivors (11264K)
 Metaspace       used 81350K, committed 83584K, reserved 458752K
  class space    used 10354K, committed 11648K, reserved 327680K
}
Event: 10652.567 GC heap after
{Heap after GC invocations=237 (full 0):
 garbage-first heap   total 262144K, used 60524K [0x00000000e0000000, 0x0000000100000000)
  region size 1024K, 2 young (2048K), 2 survivors (2048K)
 Metaspace       used 81350K, committed 83584K, reserved 458752K
  class space    used 10354K, committed 11648K, reserved 327680K
}
Event: 11307.619 GC heap before
{Heap before GC invocations=238 (full 0):
 garbage-first heap   total 262144K, used 214124K [0x00000000e0000000, 0x0000000100000000)
  region size 1024K, 153 young (156672K), 2 survivors (2048K)
 Metaspace       used 81317K, committed 83584K, reserved 458752K
  class space    used 10348K, committed 11648K, reserved 327680K
}
Event: 11307.710 GC heap after
{Heap after GC invocations=239 (full 0):
 garbage-first heap   total 262144K, used 63018K [0x00000000e0000000, 0x0000000100000000)
  region size 1024K, 4 young (4096K), 4 survivors (4096K)
 Metaspace       used 81317K, committed 83584K, reserved 458752K
  class space    used 10348K, committed 11648K, reserved 327680K
}
Event: 11308.783 GC heap before
{Heap before GC invocations=239 (full 0):
 garbage-first heap   total 262144K, used 173610K [0x00000000e0000000, 0x0000000100000000)
  region size 1024K, 114 young (116736K), 4 survivors (4096K)
 Metaspace       used 81351K, committed 83584K, reserved 458752K
  class space    used 10353K, committed 11648K, reserved 327680K
}
Event: 11308.819 GC heap after
{Heap after GC invocations=240 (full 0):
 garbage-first heap   total 262144K, used 69799K [0x00000000e0000000, 0x0000000100000000)
  region size 1024K, 11 young (11264K), 11 survivors (11264K)
 Metaspace       used 81351K, committed 83584K, reserved 458752K
  class space    used 10353K, committed 11648K, reserved 327680K
}
Event: 11317.171 GC heap before
{Heap before GC invocations=241 (full 0):
 garbage-first heap   total 262144K, used 216231K [0x00000000e0000000, 0x0000000100000000)
  region size 1024K, 153 young (156672K), 11 survivors (11264K)
 Metaspace       used 82726K, committed 84736K, reserved 458752K
  class space    used 10460K, committed 11648K, reserved 327680K
}
Event: 11318.308 GC heap after
{Heap after GC invocations=242 (full 0):
 garbage-first heap   total 262144K, used 90984K [0x00000000e0000000, 0x0000000100000000)
  region size 1024K, 20 young (20480K), 20 survivors (20480K)
 Metaspace       used 82726K, committed 84736K, reserved 458752K
  class space    used 10460K, committed 11648K, reserved 327680K
}

