# JRE version: OpenJDK Runtime Environment Corretto-17.0.12.7.1 (17.0.12+7) (build 17.0.12+7-LTS)
# Java VM: OpenJDK 64-Bit Server VM Corretto-17.0.12.7.1 (17.0.12+7-LTS, mixed mode, sharing, tiered, compressed oops, compressed class ptrs, g1 gc, windows-amd64)
GC Precious Log:
 CPUs: 4 total, 4 available
 Memory: 8076M
 Large Page Support: Disabled
 NUMA Support: Disabled
 Compressed Oops: Enabled (32-bit)
 Heap Region Size: 1M
 Heap Min Capacity: 256M
 Heap Initial Capacity: 256M
 Heap Max Capacity: 512M
 Pre-touch: Disabled
 Parallel Workers: 4
 Concurrent Workers: 1
 Concurrent Refinement Workers: 4
 Periodic GC: Disabled
Heap:
 garbage-first heap   total 262144K, used 113499K [0x00000000e0000000, 0x0000000100000000)
  region size 1024K, 82 young (83968K), 9 survivors (9216K)
 Metaspace       used 53870K, committed 54400K, reserved 393216K
  class space    used 7597K, committed 7872K, reserved 327680K
GC Heap History (16 events):
Event: 1.055 GC heap before
{Heap before GC invocations=0 (full 0):
 garbage-first heap   total 262144K, used 13312K [0x00000000e0000000, 0x0000000100000000)
  region size 1024K, 13 young (13312K), 0 survivors (0K)
 Metaspace       used 767K, committed 896K, reserved 393216K
  class space    used 61K, committed 128K, reserved 327680K
}
Event: 1.088 GC heap after
{Heap after GC invocations=1 (full 0):
 garbage-first heap   total 262144K, used 1236K [0x00000000e0000000, 0x0000000100000000)
  region size 1024K, 2 young (2048K), 2 survivors (2048K)
 Metaspace       used 767K, committed 896K, reserved 393216K
  class space    used 61K, committed 128K, reserved 327680K
}
Event: 2.402 GC heap before
{Heap before GC invocations=1 (full 0):
 garbage-first heap   total 262144K, used 22740K [0x00000000e0000000, 0x0000000100000000)
  region size 1024K, 21 young (21504K), 2 survivors (2048K)
 Metaspace       used 2867K, committed 3008K, reserved 393216K
  class space    used 330K, committed 384K, reserved 327680K
}
Event: 2.406 GC heap after
{Heap after GC invocations=2 (full 0):
 garbage-first heap   total 262144K, used 9817K [0x00000000e0000000, 0x0000000100000000)
  region size 1024K, 3 young (3072K), 3 survivors (3072K)
 Metaspace       used 2867K, committed 3008K, reserved 393216K
  class space    used 330K, committed 384K, reserved 327680K
}
Event: 14.318 GC heap before
{Heap before GC invocations=2 (full 0):
 garbage-first heap   total 262144K, used 165465K [0x00000000e0000000, 0x0000000100000000)
  region size 1024K, 153 young (156672K), 3 survivors (3072K)
 Metaspace       used 18494K, committed 18752K, reserved 393216K
  class space    used 2678K, committed 2816K, reserved 327680K
}
Event: 14.340 GC heap after
{Heap after GC invocations=3 (full 0):
 garbage-first heap   total 262144K, used 22172K [0x00000000e0000000, 0x0000000100000000)
  region size 1024K, 15 young (15360K), 15 survivors (15360K)
 Metaspace       used 18494K, committed 18752K, reserved 393216K
  class space    used 2678K, committed 2816K, reserved 327680K
}
Event: 15.916 GC heap before
{Heap before GC invocations=3 (full 0):
 garbage-first heap   total 262144K, used 45724K [0x00000000e0000000, 0x0000000100000000)
  region size 1024K, 39 young (39936K), 15 survivors (15360K)
 Metaspace       used 21157K, committed 21504K, reserved 393216K
  class space    used 3087K, committed 3200K, reserved 327680K
}
Event: 15.927 GC heap after
{Heap after GC invocations=4 (full 0):
 garbage-first heap   total 262144K, used 24256K [0x00000000e0000000, 0x0000000100000000)
  region size 1024K, 3 young (3072K), 3 survivors (3072K)
 Metaspace       used 21157K, committed 21504K, reserved 393216K
  class space    used 3087K, committed 3200K, reserved 327680K
}
Event: 22.847 GC heap before
{Heap before GC invocations=5 (full 0):
 garbage-first heap   total 262144K, used 143040K [0x00000000e0000000, 0x0000000100000000)
  region size 1024K, 116 young (118784K), 3 survivors (3072K)
 Metaspace       used 35497K, committed 35968K, reserved 393216K
  class space    used 4926K, committed 5184K, reserved 327680K
}
Event: 22.859 GC heap after
{Heap after GC invocations=6 (full 0):
 garbage-first heap   total 262144K, used 31650K [0x00000000e0000000, 0x0000000100000000)
  region size 1024K, 10 young (10240K), 10 survivors (10240K)
 Metaspace       used 35497K, committed 35968K, reserved 393216K
  class space    used 4926K, committed 5184K, reserved 327680K
}
Event: 22.933 GC heap before
{Heap before GC invocations=6 (full 0):
 garbage-first heap   total 262144K, used 33698K [0x00000000e0000000, 0x0000000100000000)
  region size 1024K, 12 young (12288K), 10 survivors (10240K)
 Metaspace       used 35774K, committed 36224K, reserved 393216K
  class space    used 4976K, committed 5184K, reserved 327680K
}
Event: 22.943 GC heap after
{Heap after GC invocations=7 (full 0):
 garbage-first heap   total 262144K, used 31708K [0x00000000e0000000, 0x0000000100000000)
  region size 1024K, 1 young (1024K), 1 survivors (1024K)
 Metaspace       used 35774K, committed 36224K, reserved 393216K
  class space    used 4976K, committed 5184K, reserved 327680K
}
Event: 22.988 GC heap before
{Heap before GC invocations=7 (full 0):
 garbage-first heap   total 262144K, used 31708K [0x00000000e0000000, 0x0000000100000000)
  region size 1024K, 2 young (2048K), 1 survivors (1024K)
 Metaspace       used 35880K, committed 36288K, reserved 393216K
  class space    used 4989K, committed 5184K, reserved 327680K
}
Event: 22.990 GC heap after
{Heap after GC invocations=8 (full 0):
 garbage-first heap   total 262144K, used 31093K [0x00000000e0000000, 0x0000000100000000)
  region size 1024K, 1 young (1024K), 1 survivors (1024K)
 Metaspace       used 35880K, committed 36288K, reserved 393216K
  class space    used 4989K, committed 5184K, reserved 327680K
}
Event: 29.761 GC heap before
{Heap before GC invocations=9 (full 0):
 garbage-first heap   total 262144K, used 187765K [0x00000000e0000000, 0x0000000100000000)
  region size 1024K, 153 young (156672K), 1 survivors (1024K)
 Metaspace       used 50186K, committed 50752K, reserved 393216K
  class space    used 7143K, committed 7424K, reserved 327680K
}
Event: 29.770 GC heap after
{Heap after GC invocations=10 (full 0):
 garbage-first heap   total 262144K, used 39771K [0x00000000e0000000, 0x0000000100000000)
  region size 1024K, 9 young (9216K), 9 survivors (9216K)
 Metaspace       used 50186K, committed 50752K, reserved 393216K
  class space    used 7143K, committed 7424K, reserved 327680K
}

