# JRE version: OpenJDK Runtime Environment Corretto-21.0.4.7.1 (21.0.4+7) (build 21.0.4+7-LTS)
# Java VM: OpenJDK 64-Bit Server VM Corretto-21.0.4.7.1 (21.0.4+7-LTS, mixed mode, sharing, tiered, compressed oops, compressed class ptrs, g1 gc, windows-amd64)
GC Precious Log:
 CardTable entry size: 512
 Card Set container configuration: InlinePtr #cards 5 size 8 Array Of Cards #cards 12 size 40 Howl #buckets 4 coarsen threshold 1843 Howl Bitmap #cards 512 size 80 coarsen threshold 460 Card regions per heap region 1 cards per card region 2048
 CPUs: 4 total, 4 available
 Memory: 8076M
 Large Page Support: Disabled
 NUMA Support: Disabled
 Compressed Oops: Enabled (32-bit)
 Heap Region Size: 1M
 Heap Min Capacity: 256M
 Heap Initial Capacity: 256M
 Heap Max Capacity: 512M
 Pre-touch: Disabled
 Parallel Workers: 4
 Concurrent Workers: 1
 Concurrent Refinement Workers: 4
 Periodic GC: Disabled
Heap:
 garbage-first heap   total 262144K, used 92160K [0x00000000e0000000, 0x0000000100000000)
  region size 1024K, 43 young (44032K), 15 survivors (15360K)
 Metaspace       used 61571K, committed 63680K, reserved 393216K
  class space    used 8830K, committed 9856K, reserved 327680K
GC Heap History (18 events):
Event: 0.958 GC heap before
{Heap before GC invocations=0 (full 0):
 garbage-first heap   total 262144K, used 12288K [0x00000000e0000000, 0x0000000100000000)
  region size 1024K, 13 young (13312K), 0 survivors (0K)
 Metaspace       used 826K, committed 960K, reserved 393216K
  class space    used 67K, committed 128K, reserved 327680K
}
Event: 0.960 GC heap after
{Heap after GC invocations=1 (full 0):
 garbage-first heap   total 262144K, used 1288K [0x00000000e0000000, 0x0000000100000000)
  region size 1024K, 2 young (2048K), 2 survivors (2048K)
 Metaspace       used 826K, committed 960K, reserved 393216K
  class space    used 67K, committed 128K, reserved 327680K
}
Event: 2.582 GC heap before
{Heap before GC invocations=1 (full 0):
 garbage-first heap   total 262144K, used 28936K [0x00000000e0000000, 0x0000000100000000)
  region size 1024K, 27 young (27648K), 2 survivors (2048K)
 Metaspace       used 3550K, committed 3712K, reserved 393216K
  class space    used 448K, committed 512K, reserved 327680K
}
Event: 2.587 GC heap after
{Heap after GC invocations=2 (full 0):
 garbage-first heap   total 262144K, used 10057K [0x00000000e0000000, 0x0000000100000000)
  region size 1024K, 4 young (4096K), 4 survivors (4096K)
 Metaspace       used 3550K, committed 3712K, reserved 393216K
  class space    used 448K, committed 512K, reserved 327680K
}
Event: 7.604 GC heap before
{Heap before GC invocations=2 (full 0):
 garbage-first heap   total 262144K, used 162633K [0x00000000e0000000, 0x0000000100000000)
  region size 1024K, 153 young (156672K), 4 survivors (4096K)
 Metaspace       used 20894K, committed 21504K, reserved 393216K
  class space    used 3026K, committed 3328K, reserved 327680K
}
Event: 7.626 GC heap after
{Heap after GC invocations=3 (full 0):
 garbage-first heap   total 262144K, used 23251K [0x00000000e0000000, 0x0000000100000000)
  region size 1024K, 16 young (16384K), 16 survivors (16384K)
 Metaspace       used 20894K, committed 21504K, reserved 393216K
  class space    used 3026K, committed 3328K, reserved 327680K
}
Event: 10.417 GC heap before
{Heap before GC invocations=4 (full 0):
 garbage-first heap   total 262144K, used 102099K [0x00000000e0000000, 0x0000000100000000)
  region size 1024K, 93 young (95232K), 16 survivors (16384K)
 Metaspace       used 31281K, committed 32576K, reserved 393216K
  class space    used 4762K, committed 5376K, reserved 327680K
}
Event: 10.439 GC heap after
{Heap after GC invocations=5 (full 0):
 garbage-first heap   total 262144K, used 29718K [0x00000000e0000000, 0x0000000100000000)
  region size 1024K, 6 young (6144K), 6 survivors (6144K)
 Metaspace       used 31281K, committed 32576K, reserved 393216K
  class space    used 4762K, committed 5376K, reserved 327680K
}
Event: 11.304 GC heap before
{Heap before GC invocations=5 (full 0):
 garbage-first heap   total 262144K, used 43030K [0x00000000e0000000, 0x0000000100000000)
  region size 1024K, 20 young (20480K), 6 survivors (6144K)
 Metaspace       used 34839K, committed 36096K, reserved 393216K
  class space    used 5099K, committed 5696K, reserved 327680K
}
Event: 11.310 GC heap after
{Heap after GC invocations=6 (full 0):
 garbage-first heap   total 262144K, used 30316K [0x00000000e0000000, 0x0000000100000000)
  region size 1024K, 7 young (7168K), 7 survivors (7168K)
 Metaspace       used 34839K, committed 36096K, reserved 393216K
  class space    used 5099K, committed 5696K, reserved 327680K
}
Event: 14.433 GC heap before
{Heap before GC invocations=7 (full 0):
 garbage-first heap   total 262144K, used 185964K [0x00000000e0000000, 0x0000000100000000)
  region size 1024K, 153 young (156672K), 7 survivors (7168K)
 Metaspace       used 49980K, committed 51648K, reserved 393216K
  class space    used 7181K, committed 8000K, reserved 327680K
}
Event: 14.447 GC heap after
{Heap after GC invocations=8 (full 0):
 garbage-first heap   total 262144K, used 39918K [0x00000000e0000000, 0x0000000100000000)
  region size 1024K, 16 young (16384K), 16 survivors (16384K)
 Metaspace       used 49980K, committed 51648K, reserved 393216K
  class space    used 7181K, committed 8000K, reserved 327680K
}
Event: 17.160 GC heap before
{Heap before GC invocations=8 (full 0):
 garbage-first heap   total 262144K, used 180206K [0x00000000e0000000, 0x0000000100000000)
  region size 1024K, 153 young (156672K), 16 survivors (16384K)
 Metaspace       used 58143K, committed 60032K, reserved 393216K
  class space    used 8336K, committed 9280K, reserved 327680K
}
Event: 17.184 GC heap after
{Heap after GC invocations=9 (full 0):
 garbage-first heap   total 262144K, used 49542K [0x00000000e0000000, 0x0000000100000000)
  region size 1024K, 20 young (20480K), 20 survivors (20480K)
 Metaspace       used 58143K, committed 60032K, reserved 393216K
  class space    used 8336K, committed 9280K, reserved 327680K
}
Event: 17.448 GC heap before
{Heap before GC invocations=9 (full 0):
 garbage-first heap   total 262144K, used 71046K [0x00000000e0000000, 0x0000000100000000)
  region size 1024K, 43 young (44032K), 20 survivors (20480K)
 Metaspace       used 58449K, committed 60416K, reserved 393216K
  class space    used 8345K, committed 9344K, reserved 327680K
}
Event: 17.477 GC heap after
{Heap after GC invocations=10 (full 0):
 garbage-first heap   total 262144K, used 52736K [0x00000000e0000000, 0x0000000100000000)
  region size 1024K, 3 young (3072K), 3 survivors (3072K)
 Metaspace       used 58449K, committed 60416K, reserved 393216K
  class space    used 8345K, committed 9344K, reserved 327680K
}
Event: 19.557 GC heap before
{Heap before GC invocations=11 (full 0):
 garbage-first heap   total 262144K, used 205312K [0x00000000e0000000, 0x0000000100000000)
  region size 1024K, 153 young (156672K), 3 survivors (3072K)
 Metaspace       used 61552K, committed 63680K, reserved 393216K
  class space    used 8826K, committed 9856K, reserved 327680K
}
Event: 19.573 GC heap after
{Heap after GC invocations=12 (full 0):
 garbage-first heap   total 262144K, used 64512K [0x00000000e0000000, 0x0000000100000000)
  region size 1024K, 15 young (15360K), 15 survivors (15360K)
 Metaspace       used 61552K, committed 63680K, reserved 393216K
  class space    used 8826K, committed 9856K, reserved 327680K
}

